/*C3*/SET SCHEMA PUBLIC
DISCONNECT
/*C4*/SET SCHEMA PUBLIC
DISCONNECT
/*C5*/SET SCHEMA "ToDoDisc"
INSERT INTO CATEGORIES VALUES(16,'test                          ','                                                                                                                                                                                                        ','810895462084116481            ','894453618999181313            ')
COMMIT
SET SCHEMA PUBLIC
DISCONNECT
/*C6*/SET SCHEMA PUBLIC
DISCONNECT
/*C7*/SET SCHEMA PUBLIC
DISCONNECT
/*C9*/SET SCHEMA PUBLIC
DISCONNECT
/*C8*/SET SCHEMA "ToDoDisc"
INSERT INTO TASKS VALUES(43,'a repeater test               ',0,16,'CrushedAsian                  ',NULL,'190145273861767169            ','                              ','2021-10-04                    ','16:19:48                      ','get repeater view to work                                                                                                                                                                               ')
COMMIT
/*C10*/SET SCHEMA PUBLIC
DISCONNECT
/*C8*/SET SCHEMA PUBLIC
DISCONNECT
/*C11*/SET SCHEMA PUBLIC
DISCONNECT
/*C12*/SET SCHEMA PUBLIC
DISCONNECT
